20241025 15:42:57 INFO  [main] utility.FirebaseListenerUtility FirebaseListenerUtility.java22 - Default teststarted.........
20241025 15:42:58 INFO  [main] base.BaseTest BaseTest.java44 - **********setUpBeforeMethod**********
20241025 15:43:01 INFO  [main] base.BaseTest BaseTest.java82 - https://login.salesforce.com/is entered
20241025 15:43:01 INFO  [main] utility.FirebaseListenerUtility FirebaseListenerUtility.java35 - SalesForce_loginstarted...........
20241025 15:43:02 INFO  [main] base.BasePage BasePage.java36 - data is entered in the username field
20241025 15:43:03 INFO  [main] base.BasePage BasePage.java36 - data is entered in the password field
20241025 15:43:06 INFO  [main] base.BasePage BasePage.java60 - login buttonbutton is clicked
20241025 15:43:10 INFO  [main] utility.FirebaseListenerUtility FirebaseListenerUtility.java41 - SalesForce_loginended with success.........
20241025 15:43:13 INFO  [main] utility.FirebaseListenerUtility FirebaseListenerUtility.java29 - Default testended.........
20241025 15:43:30 INFO  [main] utility.FirebaseListenerUtility FirebaseListenerUtility.java22 - Default teststarted.........
20241025 15:43:30 INFO  [main] base.BaseTest BaseTest.java44 - **********setUpBeforeMethod**********
20241025 15:43:32 INFO  [main] base.BaseTest BaseTest.java82 - https://login.salesforce.com/is entered
20241025 15:43:32 INFO  [main] utility.FirebaseListenerUtility FirebaseListenerUtility.java35 - SalesForce_loginstarted...........
20241025 15:43:33 INFO  [main] base.BasePage BasePage.java36 - data is entered in the username field
20241025 15:43:34 INFO  [main] base.BasePage BasePage.java36 - data is entered in the password field
20241025 15:43:34 INFO  [main] base.BasePage BasePage.java60 - login buttonbutton is clicked
20241025 15:43:37 INFO  [main] utility.FirebaseListenerUtility FirebaseListenerUtility.java41 - SalesForce_loginended with success.........
20241025 15:43:40 INFO  [main] utility.FirebaseListenerUtility FirebaseListenerUtility.java29 - Default testended.........
20241025 15:52:57 INFO  [main] utility.FirebaseListenerUtility FirebaseListenerUtility.java22 - Default teststarted.........
20241025 15:52:57 INFO  [main] base.BaseTest BaseTest.java44 - **********setUpBeforeMethod**********
20241025 15:52:59 INFO  [main] base.BaseTest BaseTest.java82 - https://login.salesforce.com/is entered
20241025 15:52:59 INFO  [main] utility.FirebaseListenerUtility FirebaseListenerUtility.java35 - SalesForce_loginstarted...........
20241025 15:53:00 INFO  [main] base.BasePage BasePage.java36 - data is entered in the username field
20241025 15:53:00 INFO  [main] base.BasePage BasePage.java36 - data is entered in the password field
20241025 15:53:01 INFO  [main] base.BasePage BasePage.java60 - login buttonbutton is clicked
20241025 15:53:03 INFO  [main] base.BasePage BasePage.java60 - rememberme buttonbutton is clicked
20241025 15:53:06 INFO  [main] utility.FirebaseListenerUtility FirebaseListenerUtility.java41 - SalesForce_loginended with success.........
20241025 15:53:09 INFO  [main] utility.FirebaseListenerUtility FirebaseListenerUtility.java29 - Default testended.........
20241025 16:14:02 INFO  [main] utility.FirebaseListenerUtility FirebaseListenerUtility.java22 - Default teststarted.........
20241025 16:14:03 INFO  [main] base.BaseTest BaseTest.java44 - **********setUpBeforeMethod**********
20241025 16:14:05 INFO  [main] base.BaseTest BaseTest.java82 - https://login.salesforce.com/is entered
20241025 16:14:05 INFO  [main] utility.FirebaseListenerUtility FirebaseListenerUtility.java35 - SalesForce_loginstarted...........
20241025 16:14:05 INFO  [main] base.BasePage BasePage.java36 - data is entered in the username field
20241025 16:14:06 INFO  [main] base.BasePage BasePage.java36 - data is entered in the password field
20241025 16:14:07 INFO  [main] base.BasePage BasePage.java60 - login buttonbutton is clicked
20241025 16:14:09 INFO  [main] base.BasePage BasePage.java60 - rememberme buttonbutton is clicked
20241025 16:14:12 INFO  [main] utility.FirebaseListenerUtility FirebaseListenerUtility.java41 - SalesForce_loginended with success.........
20241025 16:14:15 INFO  [main] utility.FirebaseListenerUtility FirebaseListenerUtility.java29 - Default testended.........
20241025 16:15:46 INFO  [main] utility.FirebaseListenerUtility FirebaseListenerUtility.java22 - Default teststarted.........
20241025 16:15:46 INFO  [main] base.BaseTest BaseTest.java44 - **********setUpBeforeMethod**********
20241025 16:15:48 INFO  [main] base.BaseTest BaseTest.java82 - https://login.salesforce.com/is entered
20241025 16:15:48 INFO  [main] utility.FirebaseListenerUtility FirebaseListenerUtility.java35 - SalesForce_loginstarted...........
20241025 16:15:49 INFO  [main] base.BasePage BasePage.java36 - data is entered in the username field
20241025 16:15:50 INFO  [main] base.BasePage BasePage.java36 - data is entered in the password field
20241025 16:15:53 INFO  [main] base.BasePage BasePage.java60 - login buttonbutton is clicked
20241025 16:15:58 INFO  [main] base.BasePage BasePage.java60 - rememberme buttonbutton is clicked
20241025 16:16:01 INFO  [main] utility.FirebaseListenerUtility FirebaseListenerUtility.java41 - SalesForce_loginended with success.........
20241025 16:16:04 INFO  [main] utility.FirebaseListenerUtility FirebaseListenerUtility.java29 - Default testended.........
20241025 16:17:13 INFO  [main] utility.FirebaseListenerUtility FirebaseListenerUtility.java22 - Default teststarted.........
20241025 16:17:13 INFO  [main] base.BaseTest BaseTest.java44 - **********setUpBeforeMethod**********
20241025 16:17:15 INFO  [main] base.BaseTest BaseTest.java82 - https://login.salesforce.com/is entered
20241025 16:17:15 INFO  [main] utility.FirebaseListenerUtility FirebaseListenerUtility.java35 - Check_RememberMestarted...........
20241025 16:17:16 INFO  [main] base.BasePage BasePage.java36 - data is entered in the username field
20241025 16:17:16 INFO  [main] base.BasePage BasePage.java36 - data is entered in the password field
20241025 16:17:16 INFO  [main] base.BasePage BasePage.java60 - rememberme checkboxbutton is clicked
20241025 16:17:17 INFO  [main] base.BasePage BasePage.java60 - login buttonbutton is clicked
20241025 16:17:19 INFO  [main] base.BasePage BasePage.java60 - rememberme buttonbutton is clicked
20241025 16:17:22 INFO  [main] utility.FirebaseListenerUtility FirebaseListenerUtility.java41 - Check_RememberMeended with success.........
20241025 16:17:25 INFO  [main] utility.FirebaseListenerUtility FirebaseListenerUtility.java35 - SalesForce_loginstarted...........
20241025 16:17:25 WARN  [main] utility.FirebaseListenerUtility FirebaseListenerUtility.java58 - SalesForce_loginskipped.........
20241025 16:17:25 INFO  [main] utility.FirebaseListenerUtility FirebaseListenerUtility.java29 - Default testended.........
20241025 16:18:36 INFO  [main] utility.FirebaseListenerUtility FirebaseListenerUtility.java22 - Default teststarted.........
20241025 16:18:37 INFO  [main] base.BaseTest BaseTest.java44 - **********setUpBeforeMethod**********
20241025 16:18:39 INFO  [main] base.BaseTest BaseTest.java82 - https://login.salesforce.com/is entered
20241025 16:18:39 INFO  [main] utility.FirebaseListenerUtility FirebaseListenerUtility.java35 - Check_RememberMestarted...........
20241025 16:18:39 INFO  [main] base.BasePage BasePage.java36 - data is entered in the username field
20241025 16:18:40 INFO  [main] base.BasePage BasePage.java36 - data is entered in the password field
20241025 16:18:40 INFO  [main] base.BasePage BasePage.java60 - rememberme checkboxbutton is clicked
20241025 16:18:44 INFO  [main] base.BasePage BasePage.java60 - login buttonbutton is clicked
20241025 16:18:45 INFO  [main] base.BasePage BasePage.java60 - rememberme buttonbutton is clicked
20241025 16:18:49 INFO  [main] utility.FirebaseListenerUtility FirebaseListenerUtility.java41 - Check_RememberMeended with success.........
20241025 16:18:52 INFO  [main] utility.FirebaseListenerUtility FirebaseListenerUtility.java35 - SalesForce_loginstarted...........
20241025 16:18:52 WARN  [main] utility.FirebaseListenerUtility FirebaseListenerUtility.java58 - SalesForce_loginskipped.........
20241025 16:18:52 INFO  [main] utility.FirebaseListenerUtility FirebaseListenerUtility.java29 - Default testended.........
20241025 16:19:29 INFO  [main] utility.FirebaseListenerUtility FirebaseListenerUtility.java22 - Default teststarted.........
20241025 16:19:30 INFO  [main] base.BaseTest BaseTest.java44 - **********setUpBeforeMethod**********
20241025 16:19:32 INFO  [main] base.BaseTest BaseTest.java82 - https://login.salesforce.com/is entered
20241025 16:19:32 INFO  [main] utility.FirebaseListenerUtility FirebaseListenerUtility.java35 - Check_RememberMestarted...........
20241025 16:19:32 INFO  [main] base.BasePage BasePage.java36 - data is entered in the username field
20241025 16:19:33 INFO  [main] base.BasePage BasePage.java36 - data is entered in the password field
20241025 16:19:33 INFO  [main] base.BasePage BasePage.java60 - rememberme checkboxbutton is clicked
20241025 16:19:37 INFO  [main] base.BasePage BasePage.java60 - login buttonbutton is clicked
20241025 16:19:39 INFO  [main] base.BasePage BasePage.java60 - rememberme buttonbutton is clicked
20241025 16:19:42 INFO  [main] utility.FirebaseListenerUtility FirebaseListenerUtility.java41 - Check_RememberMeended with success.........
20241025 16:19:45 INFO  [main] utility.FirebaseListenerUtility FirebaseListenerUtility.java35 - SalesForce_loginstarted...........
20241025 16:19:45 WARN  [main] utility.FirebaseListenerUtility FirebaseListenerUtility.java58 - SalesForce_loginskipped.........
20241025 16:19:45 INFO  [main] utility.FirebaseListenerUtility FirebaseListenerUtility.java29 - Default testended.........
20241025 16:20:58 INFO  [main] utility.FirebaseListenerUtility FirebaseListenerUtility.java22 - Default teststarted.........
20241025 16:20:58 INFO  [main] base.BaseTest BaseTest.java44 - **********setUpBeforeMethod**********
20241025 16:21:00 INFO  [main] base.BaseTest BaseTest.java82 - https://login.salesforce.com/is entered
20241025 16:21:00 INFO  [main] utility.FirebaseListenerUtility FirebaseListenerUtility.java35 - SalesForce_loginstarted...........
20241025 16:21:01 INFO  [main] base.BasePage BasePage.java36 - data is entered in the username field
20241025 16:21:01 INFO  [main] base.BasePage BasePage.java36 - data is entered in the password field
20241025 16:21:02 INFO  [main] base.BasePage BasePage.java60 - login buttonbutton is clicked
20241025 16:21:04 INFO  [main] base.BasePage BasePage.java60 - rememberme buttonbutton is clicked
20241025 16:21:07 INFO  [main] utility.FirebaseListenerUtility FirebaseListenerUtility.java41 - SalesForce_loginended with success.........
20241025 16:21:10 INFO  [main] utility.FirebaseListenerUtility FirebaseListenerUtility.java29 - Default testended.........
20241025 16:21:43 INFO  [main] utility.FirebaseListenerUtility FirebaseListenerUtility.java22 - Default teststarted.........
20241025 16:21:43 INFO  [main] base.BaseTest BaseTest.java44 - **********setUpBeforeMethod**********
20241025 16:21:45 INFO  [main] base.BaseTest BaseTest.java82 - https://login.salesforce.com/is entered
20241025 16:21:45 INFO  [main] utility.FirebaseListenerUtility FirebaseListenerUtility.java35 - SalesForce_loginstarted...........
20241025 16:21:46 INFO  [main] base.BasePage BasePage.java36 - data is entered in the username field
20241025 16:21:46 INFO  [main] base.BasePage BasePage.java36 - data is entered in the password field
20241025 16:21:47 INFO  [main] base.BasePage BasePage.java60 - login buttonbutton is clicked
20241025 16:21:49 INFO  [main] base.BasePage BasePage.java60 - rememberme buttonbutton is clicked
20241025 16:21:52 INFO  [main] utility.FirebaseListenerUtility FirebaseListenerUtility.java41 - SalesForce_loginended with success.........
20241025 16:21:55 INFO  [main] utility.FirebaseListenerUtility FirebaseListenerUtility.java29 - Default testended.........
20241025 16:44:45 INFO  [main] utility.FirebaseListenerUtility FirebaseListenerUtility.java22 - Default teststarted.........
20241025 16:44:45 INFO  [main] base.BaseTest BaseTest.java44 - **********setUpBeforeMethod**********
20241025 16:44:48 INFO  [main] base.BaseTest BaseTest.java82 - https://login.salesforce.com/is entered
20241025 16:44:48 INFO  [main] utility.FirebaseListenerUtility FirebaseListenerUtility.java35 - Check_RememberMestarted...........
20241025 16:44:48 INFO  [main] base.BasePage BasePage.java36 - data is entered in the username field
20241025 16:44:48 INFO  [main] base.BasePage BasePage.java36 - data is entered in the password field
20241025 16:44:49 INFO  [main] base.BasePage BasePage.java60 - rememberme checkboxbutton is clicked
20241025 16:44:53 INFO  [main] base.BasePage BasePage.java60 - login buttonbutton is clicked
20241025 16:44:53 ERROR [main] utility.FirebaseListenerUtility FirebaseListenerUtility.java47 - Check_RememberMeended with failure.........
20241025 16:44:55 INFO  [main] base.BaseTest BaseTest.java104 - problem occured duting screenshot taking
20241025 16:44:58 INFO  [main] base.BaseTest BaseTest.java53 - **********tearDownAfterTestMethod**********
20241025 16:44:58 INFO  [main] base.BaseTest BaseTest.java44 - **********setUpBeforeMethod**********
20241025 16:44:59 INFO  [main] base.BaseTest BaseTest.java82 - https://login.salesforce.com/is entered
20241025 16:44:59 INFO  [main] utility.FirebaseListenerUtility FirebaseListenerUtility.java35 - Forgot_Passwordstarted...........
20241025 16:44:59 INFO  [main] base.BasePage BasePage.java60 - forgotpassword linkbutton is clicked
20241025 16:45:04 ERROR [main] utility.FirebaseListenerUtility FirebaseListenerUtility.java47 - Forgot_Passwordended with failure.........
20241025 16:45:04 INFO  [main] base.BaseTest BaseTest.java104 - problem occured duting screenshot taking
20241025 16:45:07 INFO  [main] base.BaseTest BaseTest.java53 - **********tearDownAfterTestMethod**********
20241025 16:45:07 INFO  [main] base.BaseTest BaseTest.java44 - **********setUpBeforeMethod**********
20241025 16:45:09 INFO  [main] base.BaseTest BaseTest.java82 - https://login.salesforce.com/is entered
20241025 16:45:09 INFO  [main] utility.FirebaseListenerUtility FirebaseListenerUtility.java35 - SalesForce_loginstarted...........
20241025 16:45:09 INFO  [main] base.BasePage BasePage.java36 - data is entered in the username field
20241025 16:45:10 INFO  [main] base.BasePage BasePage.java36 - data is entered in the password field
20241025 16:45:12 INFO  [main] base.BasePage BasePage.java60 - login buttonbutton is clicked
20241025 16:45:12 ERROR [main] utility.FirebaseListenerUtility FirebaseListenerUtility.java47 - SalesForce_loginended with failure.........
20241025 16:45:13 INFO  [main] base.BaseTest BaseTest.java104 - problem occured duting screenshot taking
20241025 16:45:16 INFO  [main] base.BaseTest BaseTest.java53 - **********tearDownAfterTestMethod**********
20241025 16:45:16 INFO  [main] utility.FirebaseListenerUtility FirebaseListenerUtility.java29 - Default testended.........
20241025 16:45:41 INFO  [main] utility.FirebaseListenerUtility FirebaseListenerUtility.java22 - Default teststarted.........
20241025 16:45:41 INFO  [main] base.BaseTest BaseTest.java44 - **********setUpBeforeMethod**********
20241025 16:45:43 INFO  [main] base.BaseTest BaseTest.java82 - https://login.salesforce.com/is entered
20241025 16:45:43 INFO  [main] utility.FirebaseListenerUtility FirebaseListenerUtility.java35 - Forgot_Passwordstarted...........
20241025 16:45:44 INFO  [main] base.BasePage BasePage.java60 - forgotpassword linkbutton is clicked
20241025 16:45:49 ERROR [main] utility.FirebaseListenerUtility FirebaseListenerUtility.java47 - Forgot_Passwordended with failure.........
20241025 16:45:49 INFO  [main] base.BaseTest BaseTest.java104 - problem occured duting screenshot taking
20241025 16:45:52 INFO  [main] base.BaseTest BaseTest.java53 - **********tearDownAfterTestMethod**********
20241025 16:45:52 INFO  [main] utility.FirebaseListenerUtility FirebaseListenerUtility.java29 - Default testended.........
20241025 16:58:49 INFO  [main] utility.FirebaseListenerUtility FirebaseListenerUtility.java22 - Default teststarted.........
20241025 16:58:49 INFO  [main] base.BaseTest BaseTest.java44 - **********setUpBeforeMethod**********
20241025 16:58:51 INFO  [main] base.BaseTest BaseTest.java82 - https://login.salesforce.com/is entered
20241025 16:58:51 INFO  [main] utility.FirebaseListenerUtility FirebaseListenerUtility.java35 - Forgot_Passwordstarted...........
20241025 16:58:52 INFO  [main] base.BasePage BasePage.java60 - forgotpassword linkbutton is clicked
20241025 16:58:57 ERROR [main] utility.FirebaseListenerUtility FirebaseListenerUtility.java47 - Forgot_Passwordended with failure.........
20241025 16:58:57 INFO  [main] base.BaseTest BaseTest.java104 - problem occured duting screenshot taking
20241025 16:59:00 INFO  [main] base.BaseTest BaseTest.java53 - **********tearDownAfterTestMethod**********
20241025 16:59:00 INFO  [main] utility.FirebaseListenerUtility FirebaseListenerUtility.java29 - Default testended.........
20241025 17:01:05 INFO  [main] utility.FirebaseListenerUtility FirebaseListenerUtility.java22 - Default teststarted.........
20241025 17:01:05 INFO  [main] base.BaseTest BaseTest.java44 - **********setUpBeforeMethod**********
20241025 17:01:07 INFO  [main] base.BaseTest BaseTest.java82 - https://login.salesforce.com/is entered
20241025 17:01:07 INFO  [main] utility.FirebaseListenerUtility FirebaseListenerUtility.java35 - Check_RememberMestarted...........
20241025 17:01:08 INFO  [main] base.BasePage BasePage.java36 - data is entered in the username field
20241025 17:01:08 INFO  [main] base.BasePage BasePage.java36 - data is entered in the password field
20241025 17:01:09 INFO  [main] base.BasePage BasePage.java60 - rememberme checkboxbutton is clicked
20241025 17:01:13 INFO  [main] base.BasePage BasePage.java60 - login buttonbutton is clicked
20241025 17:01:13 ERROR [main] utility.FirebaseListenerUtility FirebaseListenerUtility.java47 - Check_RememberMeended with failure.........
20241025 17:01:14 INFO  [main] base.BaseTest BaseTest.java104 - problem occured duting screenshot taking
20241025 17:01:18 INFO  [main] base.BaseTest BaseTest.java53 - **********tearDownAfterTestMethod**********
20241025 17:01:18 INFO  [main] utility.FirebaseListenerUtility FirebaseListenerUtility.java29 - Default testended.........
20241025 17:02:22 INFO  [main] utility.FirebaseListenerUtility FirebaseListenerUtility.java22 - Default teststarted.........
20241025 17:02:22 INFO  [main] base.BaseTest BaseTest.java44 - **********setUpBeforeMethod**********
20241025 17:02:24 INFO  [main] base.BaseTest BaseTest.java82 - https://login.salesforce.com/is entered
20241025 17:02:24 INFO  [main] utility.FirebaseListenerUtility FirebaseListenerUtility.java35 - Forgot_Passwordstarted...........
20241025 17:02:25 INFO  [main] base.BasePage BasePage.java60 - forgotpassword linkbutton is clicked
20241025 17:02:30 ERROR [main] utility.FirebaseListenerUtility FirebaseListenerUtility.java47 - Forgot_Passwordended with failure.........
20241025 17:02:30 INFO  [main] base.BaseTest BaseTest.java104 - problem occured duting screenshot taking
20241025 17:02:33 INFO  [main] base.BaseTest BaseTest.java53 - **********tearDownAfterTestMethod**********
20241025 17:02:33 INFO  [main] utility.FirebaseListenerUtility FirebaseListenerUtility.java29 - Default testended.........
